<html>
<head>
<title>TestNG:  Default test</title>
<link href="../testng.css" rel="stylesheet" type="text/css" />
<link href="../my-testng.css" rel="stylesheet" type="text/css" />

<style type="text/css">
.log { display: none;} 
.stack-trace { display: none;} 
</style>
<script type="text/javascript">
<!--
function flip(e) {
  current = e.style.display;
  if (current == 'block') {
    e.style.display = 'none';
    return 0;
  }
  else {
    e.style.display = 'block';
    return 1;
  }
}

function toggleBox(szDivId, elem, msg1, msg2)
{
  var res = -1;  if (document.getElementById) {
    res = flip(document.getElementById(szDivId));
  }
  else if (document.all) {
    // this is the way old msie versions work
    res = flip(document.all[szDivId]);
  }
  if(elem) {
    if(res == 0) elem.innerHTML = msg1; else elem.innerHTML = msg2;
  }

}

function toggleAllBoxes() {
  if (document.getElementsByTagName) {
    d = document.getElementsByTagName('div');
    for (i = 0; i < d.length; i++) {
      if (d[i].className == 'log') {
        flip(d[i]);
      }
    }
  }
}

// -->
</script>

</head>
<body>
<h2 align='center'>Default test</h2><table border='1' align="center">
<tr>
<td>Tests passed/Failed/Skipped:</td><td>12/2/0</td>
</tr><tr>
<td>Started on:</td><td>Sun Aug 19 20:42:07 PDT 2018</td>
</tr>
<tr><td>Total time:</td><td>84 seconds (84186 ms)</td>
</tr><tr>
<td>Included groups:</td><td></td>
</tr><tr>
<td>Excluded groups:</td><td></td>
</tr>
</table><p/>
<small><i>(Hover the method name to see the test class name)</i></small><p/>
<table width='100%' border='1' class='invocation-failed'>
<tr><td colspan='4' align='center'><b>FAILED TESTS</b></td></tr>
<tr><td><b>Test method</b></td>
<td width="30%"><b>Exception</b></td>
<td width="10%"><b>Time (seconds)</b></td>
<td><b>Instance</b></td>
</tr>
<tr>
<td title='testclasses.TestNG_SignUp.test4_InvalidRegisterForm()'><b>test4_InvalidRegisterForm</b><br>Test class: testclasses.TestNG_SignUp<br>Parameters: Charlie Brown, 5555555555, 123456, 1, 1020, 123, 12345, p, Your card number is incomplete.</td>
<td><div><pre>java.lang.AssertionError: expected [Your card number is incomplete.] but found [Password should be 6 characters or more]
	at org.testng.Assert.fail(Assert.java:93)
	at org.testng.Assert.failNotEquals(Assert.java:512)
	at org.testng.Assert.assertEqualsImpl(Assert.java:134)
	at org.testng.Assert.assertEquals(Assert.java:115)
	at org.testng.Assert.assertEquals(Assert.java:189)
	at org.testng.Assert.assertEquals(Assert.java:199)
	at testclasses.TestNG_SignUp.test4_InvalidRegisterForm(TestNG_SignUp.java:85)
	at sun.reflect.NativeMethodAccessorImpl.invoke0(Native Method)
	at sun.reflect.NativeMethodAccessorImpl.invoke(Unknown Source)
	at sun.reflect.DelegatingMethodAccessorImpl.invoke(Unknown Source)
	at java.lang.reflect.Method.invoke(Unknown Source)
	at org.testng.internal.MethodInvocationHelper.invokeMethod(MethodInvocationHelper.java:108)
	at org.testng.internal.Invoker.invokeMethod(Invoker.java:661)
	at org.testng.internal.Invoker.invokeTestMethod(Invoker.java:869)
	at org.testng.internal.Invoker.invokeTestMethods(Invoker.java:1193)
	at org.testng.internal.TestMethodWorker.invokeTestMethods(TestMethodWorker.java:126)
	at org.testng.internal.TestMethodWorker.run(TestMethodWorker.java:109)
	at org.testng.TestRunner.privateRun(TestRunner.java:744)
	at org.testng.TestRunner.run(TestRunner.java:602)
	at org.testng.SuiteRunner.runTest(SuiteRunner.java:380)
	at org.testng.SuiteRunner.runSequentially(SuiteRunner.java:375)
	at org.testng.SuiteRunner.privateRun(SuiteRunner.java:340)
	at org.testng.SuiteRunner.run(SuiteRunner.java:289)
	at org.testng.SuiteRunnerWorker.runSuite(SuiteRunnerWorker.java:52)
	at org.testng.SuiteRunnerWorker.run(SuiteRunnerWorker.java:86)
	at org.testng.TestNG.runSuitesSequentially(TestNG.java:1301)
	at org.testng.TestNG.runSuitesLocally(TestNG.java:1226)
	at org.testng.TestNG.runSuites(TestNG.java:1144)
	at org.testng.TestNG.run(TestNG.java:1115)
	at org.testng.remote.AbstractRemoteTestNG.run(AbstractRemoteTestNG.java:114)
	at org.testng.remote.RemoteTestNG.initAndRun(RemoteTestNG.java:251)
	at org.testng.remote.RemoteTestNG.main(RemoteTestNG.java:77)
</pre></div><a href='#' onClick='toggleBox("stack-trace285074186", this, "Click to show all stack frames", "Click to hide stack frames")'>Click to show all stack frames</a>
<div class='stack-trace' id='stack-trace285074186'><pre>java.lang.AssertionError: expected [Your card number is incomplete.] but found [Password should be 6 characters or more]
	at org.testng.Assert.fail(Assert.java:93)
	at org.testng.Assert.failNotEquals(Assert.java:512)
	at org.testng.Assert.assertEqualsImpl(Assert.java:134)
	at org.testng.Assert.assertEquals(Assert.java:115)
	at org.testng.Assert.assertEquals(Assert.java:189)
	at org.testng.Assert.assertEquals(Assert.java:199)
	at testclasses.TestNG_SignUp.test4_InvalidRegisterForm(TestNG_SignUp.java:85)
	at sun.reflect.NativeMethodAccessorImpl.invoke0(Native Method)
	at sun.reflect.NativeMethodAccessorImpl.invoke(Unknown Source)
	at sun.reflect.DelegatingMethodAccessorImpl.invoke(Unknown Source)
	at java.lang.reflect.Method.invoke(Unknown Source)
	at org.testng.internal.MethodInvocationHelper.invokeMethod(MethodInvocationHelper.java:108)
	at org.testng.internal.Invoker.invokeMethod(Invoker.java:661)
	at org.testng.internal.Invoker.invokeTestMethod(Invoker.java:869)
	at org.testng.internal.Invoker.invokeTestMethods(Invoker.java:1193)
	at org.testng.internal.TestMethodWorker.invokeTestMethods(TestMethodWorker.java:126)
	at org.testng.internal.TestMethodWorker.run(TestMethodWorker.java:109)
	at org.testng.TestRunner.privateRun(TestRunner.java:744)
	at org.testng.TestRunner.run(TestRunner.java:602)
	at org.testng.SuiteRunner.runTest(SuiteRunner.java:380)
	at org.testng.SuiteRunner.runSequentially(SuiteRunner.java:375)
	at org.testng.SuiteRunner.privateRun(SuiteRunner.java:340)
	at org.testng.SuiteRunner.run(SuiteRunner.java:289)
	at org.testng.SuiteRunnerWorker.runSuite(SuiteRunnerWorker.java:52)
	at org.testng.SuiteRunnerWorker.run(SuiteRunnerWorker.java:86)
	at org.testng.TestNG.runSuitesSequentially(TestNG.java:1301)
	at org.testng.TestNG.runSuitesLocally(TestNG.java:1226)
	at org.testng.TestNG.runSuites(TestNG.java:1144)
	at org.testng.TestNG.run(TestNG.java:1115)
	at org.testng.remote.AbstractRemoteTestNG.run(AbstractRemoteTestNG.java:114)
	at org.testng.remote.RemoteTestNG.initAndRun(RemoteTestNG.java:251)
	at org.testng.remote.RemoteTestNG.main(RemoteTestNG.java:77)
</pre></div></td>
<td>2</td>
<td>testclasses.TestNG_SignUp@4cc0edeb</td></tr>
<tr>
<td title='testclasses.TestNG_SignUp.test4_InvalidRegisterForm()'><b>test4_InvalidRegisterForm</b><br>Test class: testclasses.TestNG_SignUp<br>Parameters: Charlie Brown, 5555555555, 123456, 5555 5555 5555 5555, , 123, 12345, p, Your card number is invalid.</td>
<td><div><pre>java.lang.AssertionError: expected [Your card number is invalid.] but found [Password should be 6 characters or more]
	at org.testng.Assert.fail(Assert.java:93)
	at org.testng.Assert.failNotEquals(Assert.java:512)
	at org.testng.Assert.assertEqualsImpl(Assert.java:134)
	at org.testng.Assert.assertEquals(Assert.java:115)
	at org.testng.Assert.assertEquals(Assert.java:189)
	at org.testng.Assert.assertEquals(Assert.java:199)
	at testclasses.TestNG_SignUp.test4_InvalidRegisterForm(TestNG_SignUp.java:85)
	at sun.reflect.NativeMethodAccessorImpl.invoke0(Native Method)
	at sun.reflect.NativeMethodAccessorImpl.invoke(Unknown Source)
	at sun.reflect.DelegatingMethodAccessorImpl.invoke(Unknown Source)
	at java.lang.reflect.Method.invoke(Unknown Source)
	at org.testng.internal.MethodInvocationHelper.invokeMethod(MethodInvocationHelper.java:108)
	at org.testng.internal.Invoker.invokeMethod(Invoker.java:661)
	at org.testng.internal.Invoker.invokeTestMethod(Invoker.java:869)
	at org.testng.internal.Invoker.invokeTestMethods(Invoker.java:1193)
	at org.testng.internal.TestMethodWorker.invokeTestMethods(TestMethodWorker.java:126)
	at org.testng.internal.TestMethodWorker.run(TestMethodWorker.java:109)
	at org.testng.TestRunner.privateRun(TestRunner.java:744)
	at org.testng.TestRunner.run(TestRunner.java:602)
	at org.testng.SuiteRunner.runTest(SuiteRunner.java:380)
	at org.testng.SuiteRunner.runSequentially(SuiteRunner.java:375)
	at org.testng.SuiteRunner.privateRun(SuiteRunner.java:340)
	at org.testng.SuiteRunner.run(SuiteRunner.java:289)
	at org.testng.SuiteRunnerWorker.runSuite(SuiteRunnerWorker.java:52)
	at org.testng.SuiteRunnerWorker.run(SuiteRunnerWorker.java:86)
	at org.testng.TestNG.runSuitesSequentially(TestNG.java:1301)
	at org.testng.TestNG.runSuitesLocally(TestNG.java:1226)
	at org.testng.TestNG.runSuites(TestNG.java:1144)
	at org.testng.TestNG.run(TestNG.java:1115)
	at org.testng.remote.AbstractRemoteTestNG.run(AbstractRemoteTestNG.java:114)
	at org.testng.remote.RemoteTestNG.initAndRun(RemoteTestNG.java:251)
	at org.testng.remote.RemoteTestNG.main(RemoteTestNG.java:77)
</pre></div><a href='#' onClick='toggleBox("stack-trace879311295", this, "Click to show all stack frames", "Click to hide stack frames")'>Click to show all stack frames</a>
<div class='stack-trace' id='stack-trace879311295'><pre>java.lang.AssertionError: expected [Your card number is invalid.] but found [Password should be 6 characters or more]
	at org.testng.Assert.fail(Assert.java:93)
	at org.testng.Assert.failNotEquals(Assert.java:512)
	at org.testng.Assert.assertEqualsImpl(Assert.java:134)
	at org.testng.Assert.assertEquals(Assert.java:115)
	at org.testng.Assert.assertEquals(Assert.java:189)
	at org.testng.Assert.assertEquals(Assert.java:199)
	at testclasses.TestNG_SignUp.test4_InvalidRegisterForm(TestNG_SignUp.java:85)
	at sun.reflect.NativeMethodAccessorImpl.invoke0(Native Method)
	at sun.reflect.NativeMethodAccessorImpl.invoke(Unknown Source)
	at sun.reflect.DelegatingMethodAccessorImpl.invoke(Unknown Source)
	at java.lang.reflect.Method.invoke(Unknown Source)
	at org.testng.internal.MethodInvocationHelper.invokeMethod(MethodInvocationHelper.java:108)
	at org.testng.internal.Invoker.invokeMethod(Invoker.java:661)
	at org.testng.internal.Invoker.invokeTestMethod(Invoker.java:869)
	at org.testng.internal.Invoker.invokeTestMethods(Invoker.java:1193)
	at org.testng.internal.TestMethodWorker.invokeTestMethods(TestMethodWorker.java:126)
	at org.testng.internal.TestMethodWorker.run(TestMethodWorker.java:109)
	at org.testng.TestRunner.privateRun(TestRunner.java:744)
	at org.testng.TestRunner.run(TestRunner.java:602)
	at org.testng.SuiteRunner.runTest(SuiteRunner.java:380)
	at org.testng.SuiteRunner.runSequentially(SuiteRunner.java:375)
	at org.testng.SuiteRunner.privateRun(SuiteRunner.java:340)
	at org.testng.SuiteRunner.run(SuiteRunner.java:289)
	at org.testng.SuiteRunnerWorker.runSuite(SuiteRunnerWorker.java:52)
	at org.testng.SuiteRunnerWorker.run(SuiteRunnerWorker.java:86)
	at org.testng.TestNG.runSuitesSequentially(TestNG.java:1301)
	at org.testng.TestNG.runSuitesLocally(TestNG.java:1226)
	at org.testng.TestNG.runSuites(TestNG.java:1144)
	at org.testng.TestNG.run(TestNG.java:1115)
	at org.testng.remote.AbstractRemoteTestNG.run(AbstractRemoteTestNG.java:114)
	at org.testng.remote.RemoteTestNG.initAndRun(RemoteTestNG.java:251)
	at org.testng.remote.RemoteTestNG.main(RemoteTestNG.java:77)
</pre></div></td>
<td>2</td>
<td>testclasses.TestNG_SignUp@4cc0edeb</td></tr>
</table><p>
<table width='100%' border='1' class='invocation-passed'>
<tr><td colspan='4' align='center'><b>PASSED TESTS</b></td></tr>
<tr><td><b>Test method</b></td>
<td width="30%"><b>Exception</b></td>
<td width="10%"><b>Time (seconds)</b></td>
<td><b>Instance</b></td>
</tr>
<tr>
<td title='testclasses.TestNG_SignUp.test1_InvalidEmailForm()'><b>test1_InvalidEmailForm</b><br>Test class: testclasses.TestNG_SignUp<br>Parameters:  , 94706, email, Please enter an email address.</td>
<td></td>
<td>1</td>
<td>testclasses.TestNG_SignUp@4cc0edeb</td></tr>
<tr>
<td title='testclasses.TestNG_SignUp.test1_InvalidEmailForm()'><b>test1_InvalidEmailForm</b><br>Test class: testclasses.TestNG_SignUp<br>Parameters: charliebrown@fakecharlie.net, , zip, Please fill out this field.</td>
<td></td>
<td>2</td>
<td>testclasses.TestNG_SignUp@4cc0edeb</td></tr>
<tr>
<td title='testclasses.TestNG_SignUp.test1_InvalidEmailForm()'><b>test1_InvalidEmailForm</b><br>Test class: testclasses.TestNG_SignUp<br>Parameters: charlie.brown, 94706, email, Please enter an email address.</td>
<td></td>
<td>1</td>
<td>testclasses.TestNG_SignUp@4cc0edeb</td></tr>
<tr>
<td title='testclasses.TestNG_SignUp.test1_InvalidEmailForm()'><b>test1_InvalidEmailForm</b><br>Test class: testclasses.TestNG_SignUp<br>Parameters: charliebrown@fakecharlie.net, 9470, p, Please enter a valid US zip code</td>
<td></td>
<td>1</td>
<td>testclasses.TestNG_SignUp@4cc0edeb</td></tr>
<tr>
<td title='testclasses.TestNG_SignUp.test1_InvalidEmailForm()'><b>test1_InvalidEmailForm</b><br>Test class: testclasses.TestNG_SignUp<br>Parameters: charliebrown@fakecharlie.net, 947O6, p, Please enter a valid US zip code</td>
<td></td>
<td>1</td>
<td>testclasses.TestNG_SignUp@4cc0edeb</td></tr>
<tr>
<td title='testclasses.TestNG_SignUp.test2_ZipOutOfRange()'><b>test2_ZipOutOfRange</b><br>Test class: testclasses.TestNG_SignUp</td>
<td></td>
<td>2</td>
<td>testclasses.TestNG_SignUp@4cc0edeb</td></tr>
<tr>
<td title='testclasses.TestNG_SignUp.test3_ZipInRange()'><b>test3_ZipInRange</b><br>Test class: testclasses.TestNG_SignUp</td>
<td></td>
<td>4</td>
<td>testclasses.TestNG_SignUp@4cc0edeb</td></tr>
<tr>
<td title='testclasses.TestNG_SignUp.test4_InvalidRegisterForm()'><b>test4_InvalidRegisterForm</b><br>Test class: testclasses.TestNG_SignUp<br>Parameters: , 5555555555, 123456, 5555, 1020, 123, 12345, name, Please fill out this field.</td>
<td></td>
<td>9</td>
<td>testclasses.TestNG_SignUp@4cc0edeb</td></tr>
<tr>
<td title='testclasses.TestNG_SignUp.test4_InvalidRegisterForm()'><b>test4_InvalidRegisterForm</b><br>Test class: testclasses.TestNG_SignUp<br>Parameters: Charlie Brown, , 123456, 1, 1020, 123, 12345, phone, Please fill out this field.</td>
<td></td>
<td>2</td>
<td>testclasses.TestNG_SignUp@4cc0edeb</td></tr>
<tr>
<td title='testclasses.TestNG_SignUp.test4_InvalidRegisterForm()'><b>test4_InvalidRegisterForm</b><br>Test class: testclasses.TestNG_SignUp<br>Parameters: Charlie Brown, 555, 123456, 1, 1020, 123, 12345, p, Please enter a valid US mobile phone number</td>
<td></td>
<td>2</td>
<td>testclasses.TestNG_SignUp@4cc0edeb</td></tr>
<tr>
<td title='testclasses.TestNG_SignUp.test4_InvalidRegisterForm()'><b>test4_InvalidRegisterForm</b><br>Test class: testclasses.TestNG_SignUp<br>Parameters: Charlie Brown, 5555555555, , 1, 1020, 123, 12345, password, Please fill out this field.</td>
<td></td>
<td>2</td>
<td>testclasses.TestNG_SignUp@4cc0edeb</td></tr>
<tr>
<td title='testclasses.TestNG_SignUp.test4_InvalidRegisterForm()'><b>test4_InvalidRegisterForm</b><br>Test class: testclasses.TestNG_SignUp<br>Parameters: Charlie Brown, 5555555555, 12345, 1, 1020, 123, 12345, p, Password should be 6 characters or more</td>
<td></td>
<td>2</td>
<td>testclasses.TestNG_SignUp@4cc0edeb</td></tr>
</table><p>
</body>
</html>